Setting up workspace (this could take some time)...
Pulling container image accupara/aosp:baseline...
Finished pulling container image accupara/aosp@sha256:abfb39170ef7cf4f5e59724e3ec566c064118970ba50b1725e11d44bf48d4929 took 1.03385322s

... A new version of repo (2.65) is available.
... New version is available at: /tmp/src/android/.repo/repo/repo
... The launcher is run from: /usr/bin/repo
!!! The launcher is not writable.  Please talk to your sysadmin or distro
!!! to get an update installed.

repo: reusing existing repo client checkout in /tmp/src/android
warning: Changing --git-lfs settings will only affect new project checkouts.
         Existing projects will require manual updates.


repo has been initialized in /tmp/src/android
Cloning into '.repo/local_manifests'...
remote: Enumerating objects: 3, done.
remote: Counting objects:  33% (1/3)remote: Counting objects:  66% (2/3)remote: Counting objects: 100% (3/3)remote: Counting objects: 100% (3/3), done.
remote: Compressing objects:  50% (1/2)remote: Compressing objects: 100% (2/2)remote: Compressing objects: 100% (2/2), done.
remote: Total 3 (delta 0), reused 0 (delta 0), pack-reused 0 (from 0)
Receiving objects:  33% (1/3)Receiving objects:  66% (2/3)Receiving objects: 100% (3/3)Receiving objects: 100% (3/3), done.

... A new version of repo (2.65) is available.
... New version is available at: /tmp/src/android/.repo/repo/repo
... The launcher is run from: /usr/bin/repo
!!! The launcher is not writable.  Please talk to your sysadmin or distro
!!! to get an update installed.

repo version v2.65
       (from https://gerrit.googlesource.com/git-repo)
       (tracking refs/heads/stable)
       (Wed, 1 Jul 2026 15:59:45 -0700)
repo launcher version 2.54
       (from /usr/bin/repo)
       (currently at 2.65)
repo User-Agent git-repo/2.65 (Linux) git/2.53.0 Python/3.13.12
git 2.53.0
git User-Agent git/2.53.0 (Linux) git-repo/2.65
Python 3.13.12 (main, Feb  4 2026, 15:06:39) [GCC 15.2.0]
OS Linux 6.8.0-51-generic (#52-Ubuntu SMP PREEMPT_DYNAMIC Thu Dec  5 13:09:44 UTC 2024)
CPU x86_64 (unknown)
Bug reports: https://issues.gerritcodereview.com/issues/new?component=1370071
Already up to date.
/tmp/src/android

... A new version of repo (2.65) is available.
... New version is available at: /tmp/src/android/.repo/repo/repo
... The launcher is run from: /usr/bin/repo
!!! The launcher is not writable.  Please talk to your sysadmin or distro
!!! to get an update installed.

repo version v2.65
       (from https://gerrit.googlesource.com/git-repo)
       (tracking refs/heads/stable)
       (Wed, 1 Jul 2026 15:59:45 -0700)
repo launcher version 2.54
       (from /usr/bin/repo)
       (currently at 2.65)
repo User-Agent git-repo/2.65 (Linux) git/2.53.0 Python/3.13.12
git 2.53.0
git User-Agent git/2.53.0 (Linux) git-repo/2.65
Python 3.13.12 (main, Feb  4 2026, 15:06:39) [GCC 15.2.0]
OS Linux 6.8.0-51-generic (#52-Ubuntu SMP PREEMPT_DYNAMIC Thu Dec  5 13:09:44 UTC 2024)
CPU x86_64 (unknown)
Bug reports: https://issues.gerritcodereview.com/issues/new?component=1370071

... A new version of repo (2.65) is available.
... New version is available at: /tmp/src/android/.repo/repo/repo
... The launcher is run from: /usr/bin/repo
!!! The launcher is not writable.  Please talk to your sysadmin or distro
!!! to get an update installed.

error: in `sync -c -j16 --force-sync --no-clone-bundle --no-tags --prune`: duplicate path hardware/xiaomi in /tmp/src/android/.repo/manifest.xml
All repositories synchronized successfully.
Device warm not found. Attempting to retrieve device repository from PixelOS-Devices Github (http://github.com/PixelOS-Devices).
Repository for warm not found in the PixelOS-Devices Github repository list. If this is in error, you may need to manually add it to your local_manifests/roomservice.xml.

** Don't have a product spec for: 'pixel_warm'
** Do you have the right repo manifest?

Device warm not found. Attempting to retrieve device repository from PixelOS-Devices Github (http://github.com/PixelOS-Devices).
Repository for warm not found in the PixelOS-Devices Github repository list. If this is in error, you may need to manually add it to your local_manifests/roomservice.xml.

** Don't have a product spec for: 'pixel_warm'
** Do you have the right repo manifest?

06:45:13 Build sandboxing disabled due to nsjail error.
panic: Missing config trunk_staging.  Trace=[trunk_staging]

goroutine 1 [running]:
main.main()
	build/soong/cmd/release_config/release_config/main.go:71 +0x14c5
In file included from build/make/core/config.mk:419:
In file included from build/make/core/envsetup.mk:51:
build/make/core/release_config.mk:142: error: release-config failed to run.
06:45:13 dumpvars failed with: exit status 1

#### failed to build some targets  ####


------------------------------------------------------------------------
Build Failed: returned 1

Total time: 4m19s
------------------------------------------------------------------------
